<?xml version="1.0" encoding="UTF-8"?>
<robot generator="Robot 7.4.2 (Python 3.13.0 on win32)" generated="2026-04-21T14:57:53.784736" rpa="false" schemaversion="5">
<suite id="s1" name="04 Regression" source="C:\Users\mervi\AndroidStudioProjects\MyNewsapp\tests\robot\suites\04_regression.robot">
<test id="s1-t1" name="Verify Data Consistency Across Orientations" line="15">
<kw name="Open News App With Mock" type="SETUP">
<kw name="Open News App" owner="app_resources">
<kw name="Open Application" owner="AppiumLibrary">
<arg>http://localhost:4723</arg>
<arg>automationName=${ANDROID_AUTOMATION_NAME}</arg>
<arg>platformName=${ANDROID_PLATFORM_NAME}</arg>
<arg>platformVersion=${ANDROID_PLATFORM_VERSION}</arg>
<arg>deviceName=${DEVICE_NAME}</arg>
<arg>appPackage=${APP_PACKAGE}</arg>
<arg>appActivity=${APP_ACTIVITY}</arg>
<arg>appWaitActivity=${APP_PACKAGE}${APP_ACTIVITY}</arg>
<arg>noReset=false</arg>
<arg>fullReset=false</arg>
<arg>newCommandTimeout=300</arg>
<doc>Opens a new application to the given Appium server.
Capabilities of appium server, Android and iOS,
Please check https://appium.io/docs/en/2.19/guides/caps/
| *Option*            | *Man.* | *Description*     |
| remote_url          | Yes    | Appium server url |
| alias               | No     | alias             |</doc>
<status status="PASS" start="2026-04-21T14:57:55.446429" elapsed="14.508581"/>
</kw>
<kw name="Ensure App Is In Foreground" owner="app_resources">
<kw name="Activate Application" owner="AppiumLibrary">
<arg>${APP_PACKAGE}</arg>
<doc>Activates the application if it is not running or is running in the background.</doc>
<status status="PASS" start="2026-04-21T14:58:09.956380" elapsed="2.378099"/>
</kw>
<doc>Brings the application to the foreground.</doc>
<status status="PASS" start="2026-04-21T14:58:09.955746" elapsed="2.379024"/>
</kw>
<doc>Launches the application with the predefined capabilities.</doc>
<status status="PASS" start="2026-04-21T14:57:55.444813" elapsed="16.890101"/>
</kw>
<kw name="Start News App Activity" owner="app_resources">
<kw name="Terminate Application" owner="AppiumLibrary">
<arg>${APP_PACKAGE}</arg>
<doc>Terminates the given app on the device.</doc>
<status status="PASS" start="2026-04-21T14:58:12.337204" elapsed="2.846489"/>
</kw>
<kw name="Create List" owner="BuiltIn">
<msg time="2026-04-21T14:58:15.184700" level="INFO">${extras} = []</msg>
<var>${extras}</var>
<doc>Returns a list containing given items.</doc>
<status status="PASS" start="2026-04-21T14:58:15.183997" elapsed="0.000779"/>
</kw>
<if>
<branch type="IF" condition="'${query}' != 'None'">
<kw name="Create List" owner="BuiltIn">
<var>${extra_query}</var>
<arg>s</arg>
<arg>query</arg>
<arg>${query}</arg>
<doc>Returns a list containing given items.</doc>
<status status="NOT RUN" start="2026-04-21T14:58:15.185481" elapsed="0.000042"/>
</kw>
<kw name="Append To List" owner="Collections">
<arg>${extras}</arg>
<arg>${extra_query}</arg>
<doc>Adds ``values`` to the end of ``list``.</doc>
<status status="NOT RUN" start="2026-04-21T14:58:15.186248" elapsed="0.000060"/>
</kw>
<status status="NOT RUN" start="2026-04-21T14:58:15.184979" elapsed="0.001408"/>
</branch>
<status status="PASS" start="2026-04-21T14:58:15.184920" elapsed="0.001551"/>
</if>
<if>
<branch type="IF" condition="'${use_mock}' == 'true'">
<kw name="Create List" owner="BuiltIn">
<msg time="2026-04-21T14:58:15.187777" level="INFO">${extra_mock} = ['z', 'use_mock', True]</msg>
<var>${extra_mock}</var>
<arg>z</arg>
<arg>use_mock</arg>
<arg>${True}</arg>
<doc>Returns a list containing given items.</doc>
<status status="PASS" start="2026-04-21T14:58:15.187083" elapsed="0.000752"/>
</kw>
<kw name="Append To List" owner="Collections">
<arg>${extras}</arg>
<arg>${extra_mock}</arg>
<doc>Adds ``values`` to the end of ``list``.</doc>
<status status="PASS" start="2026-04-21T14:58:15.188043" elapsed="0.000511"/>
</kw>
<status status="PASS" start="2026-04-21T14:58:15.186659" elapsed="0.001983"/>
</branch>
<status status="PASS" start="2026-04-21T14:58:15.186611" elapsed="0.002103"/>
</if>
<kw name="Create Dictionary" owner="BuiltIn">
<msg time="2026-04-21T14:58:15.189989" level="INFO">&amp;{opts} = { component=com.example.android.mynewsapp/.MainActivity | action=android.intent.action.MAIN }</msg>
<var>&amp;{opts}</var>
<arg>component=${APP_PACKAGE}/${APP_ACTIVITY}</arg>
<arg>action=${action}</arg>
<doc>Creates and returns a dictionary based on the given ``items``.</doc>
<status status="PASS" start="2026-04-21T14:58:15.188922" elapsed="0.001127"/>
</kw>
<if>
<branch type="IF" condition="len($extras) &gt; 0">
<kw name="Set To Dictionary" owner="Collections">
<arg>${opts}</arg>
<arg>extras=${extras}</arg>
<doc>Adds the given ``key_value_pairs`` and/or ``items`` to the ``dictionary``.</doc>
<status status="PASS" start="2026-04-21T14:58:15.191296" elapsed="0.000578"/>
</kw>
<status status="PASS" start="2026-04-21T14:58:15.190216" elapsed="0.001739"/>
</branch>
<status status="PASS" start="2026-04-21T14:58:15.190174" elapsed="0.001831"/>
</if>
<kw name="Execute Script" owner="AppiumLibrary">
<msg time="2026-04-21T14:58:15.194179" level="INFO">Provided dictionary: {'component': 'com.example.android.mynewsapp/.MainActivity', 'action': 'android.intent.action.MAIN', 'extras': [['z', 'use_mock', True]]}</msg>
<arg>mobile: startActivity</arg>
<arg>&amp;{opts}</arg>
<doc>Executes a variety of native, mobile commands that aren't associated
with a specific endpoint. Check out the appium drivers for more details: https://appium.io/docs/en/2.19/ecosystem/drivers/.</doc>
<status status="PASS" start="2026-04-21T14:58:15.192154" elapsed="2.256232"/>
</kw>
<doc>Starts the news app activity with optional search query and mock data flag using mobile:startActivity.</doc>
<status status="PASS" start="2026-04-21T14:58:12.336358" elapsed="5.112225"/>
</kw>
<status status="PASS" start="2026-04-21T14:57:55.443185" elapsed="22.005511"/>
</kw>
<kw name="Wait Until Element Is Visible" owner="AppiumLibrary">
<msg time="2026-04-21T14:58:21.779172" level="INFO">criteria is com.example.android.mynewsapp:id/article_title</msg>
<arg>id=${APP_PACKAGE}:id/article_title</arg>
<arg>timeout=${TIMEOUT_LONG}</arg>
<doc>Waits until the element specified by the ``locator`` is visible.</doc>
<status status="PASS" start="2026-04-21T14:58:17.450641" elapsed="4.328736"/>
</kw>
<kw name="Get Text" owner="AppiumLibrary">
<msg time="2026-04-21T14:58:26.110304" level="INFO">Element 'id=com.example.android.mynewsapp:id/article_title' text is 'Future of Space Exploration' </msg>
<msg time="2026-04-21T14:58:26.110569" level="INFO">criteria is com.example.android.mynewsapp:id/article_title</msg>
<msg time="2026-04-21T14:58:26.110846" level="INFO">${first_title} = Future of Space Exploration</msg>
<var>${first_title}</var>
<arg>id=${APP_PACKAGE}:id/article_title</arg>
<doc>Returns the text of the element with the ``locator``.</doc>
<status status="PASS" start="2026-04-21T14:58:21.780560" elapsed="4.330373"/>
</kw>
<kw name="Landscape" owner="AppiumLibrary">
<doc>Sets the device orientation to LANDSCAPE.</doc>
<status status="PASS" start="2026-04-21T14:58:26.114491" elapsed="2.315768"/>
</kw>
<kw name="Sleep" owner="BuiltIn">
<msg time="2026-04-21T14:58:30.434161" level="INFO">Slept 2 seconds.</msg>
<arg>2s</arg>
<doc>Pauses the test executed for the given time.</doc>
<status status="PASS" start="2026-04-21T14:58:28.431489" elapsed="2.002895"/>
</kw>
<kw name="Get Text" owner="AppiumLibrary">
<msg time="2026-04-21T14:58:34.728123" level="INFO">Element 'id=com.example.android.mynewsapp:id/article_title' text is 'Future of Space Exploration' </msg>
<msg time="2026-04-21T14:58:34.728295" level="INFO">criteria is com.example.android.mynewsapp:id/article_title</msg>
<msg time="2026-04-21T14:58:34.728476" level="INFO">${rotated_title} = Future of Space Exploration</msg>
<var>${rotated_title}</var>
<arg>id=${APP_PACKAGE}:id/article_title</arg>
<doc>Returns the text of the element with the ``locator``.</doc>
<status status="PASS" start="2026-04-21T14:58:30.439283" elapsed="4.289250"/>
</kw>
<kw name="Should Be Equal" owner="BuiltIn">
<arg>${first_title}</arg>
<arg>${rotated_title}</arg>
<doc>Fails if the given objects are unequal.</doc>
<status status="PASS" start="2026-04-21T14:58:34.729877" elapsed="0.001018"/>
</kw>
<kw name="Portrait" owner="AppiumLibrary">
<doc>Sets the device orientation to PORTRAIT.</doc>
<status status="PASS" start="2026-04-21T14:58:34.731333" elapsed="2.254319"/>
</kw>
<kw name="Close News App" owner="app_resources" type="TEARDOWN">
<kw name="Close Application" owner="AppiumLibrary">
<doc>Closes the current application and the webdriver session.</doc>
<status status="PASS" start="2026-04-21T14:58:36.987532" elapsed="3.353705"/>
</kw>
<doc>Closes the application.</doc>
<status status="PASS" start="2026-04-21T14:58:36.986961" elapsed="3.354451"/>
</kw>
<doc>Regression test to ensure data persists after rotation.</doc>
<tag>regression</tag>
<status status="PASS" start="2026-04-21T14:57:55.441081" elapsed="44.901021"/>
</test>
<test id="s1-t2" name="Verify UI Scalability" line="31">
<kw name="Open News App With Mock" type="SETUP">
<kw name="Open News App" owner="app_resources">
<kw name="Open Application" owner="AppiumLibrary">
<arg>http://localhost:4723</arg>
<arg>automationName=${ANDROID_AUTOMATION_NAME}</arg>
<arg>platformName=${ANDROID_PLATFORM_NAME}</arg>
<arg>platformVersion=${ANDROID_PLATFORM_VERSION}</arg>
<arg>deviceName=${DEVICE_NAME}</arg>
<arg>appPackage=${APP_PACKAGE}</arg>
<arg>appActivity=${APP_ACTIVITY}</arg>
<arg>appWaitActivity=${APP_PACKAGE}${APP_ACTIVITY}</arg>
<arg>noReset=false</arg>
<arg>fullReset=false</arg>
<arg>newCommandTimeout=300</arg>
<doc>Opens a new application to the given Appium server.
Capabilities of appium server, Android and iOS,
Please check https://appium.io/docs/en/2.19/guides/caps/
| *Option*            | *Man.* | *Description*     |
| remote_url          | Yes    | Appium server url |
| alias               | No     | alias             |</doc>
<status status="PASS" start="2026-04-21T14:58:40.345380" elapsed="9.767000"/>
</kw>
<kw name="Ensure App Is In Foreground" owner="app_resources">
<kw name="Activate Application" owner="AppiumLibrary">
<arg>${APP_PACKAGE}</arg>
<doc>Activates the application if it is not running or is running in the background.</doc>
<status status="PASS" start="2026-04-21T14:58:50.113474" elapsed="2.343533"/>
</kw>
<doc>Brings the application to the foreground.</doc>
<status status="PASS" start="2026-04-21T14:58:50.112903" elapsed="2.344283"/>
</kw>
<doc>Launches the application with the predefined capabilities.</doc>
<status status="PASS" start="2026-04-21T14:58:40.345071" elapsed="12.112197"/>
</kw>
<kw name="Start News App Activity" owner="app_resources">
<kw name="Terminate Application" owner="AppiumLibrary">
<arg>${APP_PACKAGE}</arg>
<doc>Terminates the given app on the device.</doc>
<status status="PASS" start="2026-04-21T14:58:52.458320" elapsed="2.809914"/>
</kw>
<kw name="Create List" owner="BuiltIn">
<msg time="2026-04-21T14:58:55.269192" level="INFO">${extras} = []</msg>
<var>${extras}</var>
<doc>Returns a list containing given items.</doc>
<status status="PASS" start="2026-04-21T14:58:55.268583" elapsed="0.000662"/>
</kw>
<if>
<branch type="IF" condition="'${query}' != 'None'">
<kw name="Create List" owner="BuiltIn">
<var>${extra_query}</var>
<arg>s</arg>
<arg>query</arg>
<arg>${query}</arg>
<doc>Returns a list containing given items.</doc>
<status status="NOT RUN" start="2026-04-21T14:58:55.269797" elapsed="0.000040"/>
</kw>
<kw name="Append To List" owner="Collections">
<arg>${extras}</arg>
<arg>${extra_query}</arg>
<doc>Adds ``values`` to the end of ``list``.</doc>
<status status="NOT RUN" start="2026-04-21T14:58:55.270034" elapsed="0.000030"/>
</kw>
<status status="NOT RUN" start="2026-04-21T14:58:55.269399" elapsed="0.000718"/>
</branch>
<status status="PASS" start="2026-04-21T14:58:55.269355" elapsed="0.000808"/>
</if>
<if>
<branch type="IF" condition="'${use_mock}' == 'true'">
<kw name="Create List" owner="BuiltIn">
<msg time="2026-04-21T14:58:55.271117" level="INFO">${extra_mock} = ['z', 'use_mock', True]</msg>
<var>${extra_mock}</var>
<arg>z</arg>
<arg>use_mock</arg>
<arg>${True}</arg>
<doc>Returns a list containing given items.</doc>
<status status="PASS" start="2026-04-21T14:58:55.270592" elapsed="0.000571"/>
</kw>
<kw name="Append To List" owner="Collections">
<arg>${extras}</arg>
<arg>${extra_mock}</arg>
<doc>Adds ``values`` to the end of ``list``.</doc>
<status status="PASS" start="2026-04-21T14:58:55.271314" elapsed="0.000352"/>
</kw>
<status status="PASS" start="2026-04-21T14:58:55.270252" elapsed="0.001502"/>
</branch>
<status status="PASS" start="2026-04-21T14:58:55.270229" elapsed="0.001600"/>
</if>
<kw name="Create Dictionary" owner="BuiltIn">
<msg time="2026-04-21T14:58:55.272689" level="INFO">&amp;{opts} = { component=com.example.android.mynewsapp/.MainActivity | action=android.intent.action.MAIN }</msg>
<var>&amp;{opts}</var>
<arg>component=${APP_PACKAGE}/${APP_ACTIVITY}</arg>
<arg>action=${action}</arg>
<doc>Creates and returns a dictionary based on the given ``items``.</doc>
<status status="PASS" start="2026-04-21T14:58:55.272003" elapsed="0.000805"/>
</kw>
<if>
<branch type="IF" condition="len($extras) &gt; 0">
<kw name="Set To Dictionary" owner="Collections">
<arg>${opts}</arg>
<arg>extras=${extras}</arg>
<doc>Adds the given ``key_value_pairs`` and/or ``items`` to the ``dictionary``.</doc>
<status status="PASS" start="2026-04-21T14:58:55.273329" elapsed="0.000477"/>
</kw>
<status status="PASS" start="2026-04-21T14:58:55.272943" elapsed="0.001009"/>
</branch>
<status status="PASS" start="2026-04-21T14:58:55.272911" elapsed="0.001123"/>
</if>
<kw name="Execute Script" owner="AppiumLibrary">
<msg time="2026-04-21T14:58:55.276069" level="INFO">Provided dictionary: {'component': 'com.example.android.mynewsapp/.MainActivity', 'action': 'android.intent.action.MAIN', 'extras': [['z', 'use_mock', True]]}</msg>
<arg>mobile: startActivity</arg>
<arg>&amp;{opts}</arg>
<doc>Executes a variety of native, mobile commands that aren't associated
with a specific endpoint. Check out the appium drivers for more details: https://appium.io/docs/en/2.19/ecosystem/drivers/.</doc>
<status status="PASS" start="2026-04-21T14:58:55.274234" elapsed="2.220858"/>
</kw>
<doc>Starts the news app activity with optional search query and mock data flag using mobile:startActivity.</doc>
<status status="PASS" start="2026-04-21T14:58:52.457828" elapsed="5.037483"/>
</kw>
<status status="PASS" start="2026-04-21T14:58:40.344655" elapsed="17.150773"/>
</kw>
<kw name="Wait Until Element Is Visible" owner="AppiumLibrary">
<msg time="2026-04-21T14:59:01.815437" level="INFO">criteria is com.example.android.mynewsapp:id/list</msg>
<arg>id=${APP_PACKAGE}:id/list</arg>
<arg>timeout=${TIMEOUT}</arg>
<doc>Waits until the element specified by the ``locator`` is visible.</doc>
<status status="PASS" start="2026-04-21T14:58:57.496211" elapsed="4.319540"/>
</kw>
<kw name="Wait Until Element Is Visible" owner="AppiumLibrary">
<msg time="2026-04-21T14:59:06.091605" level="INFO">criteria is com.example.android.mynewsapp:id/article_title</msg>
<arg>id=${APP_PACKAGE}:id/article_title</arg>
<arg>timeout=${TIMEOUT}</arg>
<doc>Waits until the element specified by the ``locator`` is visible.</doc>
<status status="PASS" start="2026-04-21T14:59:01.817002" elapsed="4.274771"/>
</kw>
<kw name="Wait Until Page Contains Element" owner="AppiumLibrary">
<msg time="2026-04-21T14:59:08.259550" level="INFO">criteria is com.example.android.mynewsapp:id/article_title</msg>
<arg>id=${APP_PACKAGE}:id/article_title</arg>
<doc>Waits until the element specified by the ``locator`` appears on the current page.</doc>
<status status="PASS" start="2026-04-21T14:59:06.095395" elapsed="2.164313"/>
</kw>
<kw name="Wait Until Page Contains Element" owner="AppiumLibrary">
<msg time="2026-04-21T14:59:10.411195" level="INFO">criteria is com.example.android.mynewsapp:id/section</msg>
<arg>id=${APP_PACKAGE}:id/section</arg>
<doc>Waits until the element specified by the ``locator`` appears on the current page.</doc>
<status status="PASS" start="2026-04-21T14:59:08.261189" elapsed="2.150208"/>
</kw>
<kw name="Wait Until Page Contains Element" owner="AppiumLibrary">
<msg time="2026-04-21T14:59:12.577012" level="INFO">criteria is com.example.android.mynewsapp:id/date</msg>
<arg>id=${APP_PACKAGE}:id/date</arg>
<doc>Waits until the element specified by the ``locator`` appears on the current page.</doc>
<status status="PASS" start="2026-04-21T14:59:10.413259" elapsed="2.163913"/>
</kw>
<kw name="Close News App" owner="app_resources" type="TEARDOWN">
<kw name="Close Application" owner="AppiumLibrary">
<doc>Closes the current application and the webdriver session.</doc>
<status status="PASS" start="2026-04-21T14:59:12.578619" elapsed="3.374224"/>
</kw>
<doc>Closes the application.</doc>
<status status="PASS" start="2026-04-21T14:59:12.577963" elapsed="3.375086"/>
</kw>
<doc>Regression test for UI components placement.</doc>
<tag>regression</tag>
<status status="PASS" start="2026-04-21T14:58:40.343049" elapsed="35.610800"/>
</test>
<test id="s1-t3" name="Verify Finnish News Integration (Regression)" line="41">
<kw name="Open News App" owner="app_resources" type="SETUP">
<kw name="Open Application" owner="AppiumLibrary">
<arg>http://localhost:4723</arg>
<arg>automationName=${ANDROID_AUTOMATION_NAME}</arg>
<arg>platformName=${ANDROID_PLATFORM_NAME}</arg>
<arg>platformVersion=${ANDROID_PLATFORM_VERSION}</arg>
<arg>deviceName=${DEVICE_NAME}</arg>
<arg>appPackage=${APP_PACKAGE}</arg>
<arg>appActivity=${APP_ACTIVITY}</arg>
<arg>appWaitActivity=${APP_PACKAGE}${APP_ACTIVITY}</arg>
<arg>noReset=false</arg>
<arg>fullReset=false</arg>
<arg>newCommandTimeout=300</arg>
<doc>Opens a new application to the given Appium server.
Capabilities of appium server, Android and iOS,
Please check https://appium.io/docs/en/2.19/guides/caps/
| *Option*            | *Man.* | *Description*     |
| remote_url          | Yes    | Appium server url |
| alias               | No     | alias             |</doc>
<status status="PASS" start="2026-04-21T14:59:15.957328" elapsed="9.630389"/>
</kw>
<kw name="Ensure App Is In Foreground" owner="app_resources">
<kw name="Activate Application" owner="AppiumLibrary">
<arg>${APP_PACKAGE}</arg>
<doc>Activates the application if it is not running or is running in the background.</doc>
<status status="PASS" start="2026-04-21T14:59:25.599964" elapsed="2.294452"/>
</kw>
<doc>Brings the application to the foreground.</doc>
<status status="PASS" start="2026-04-21T14:59:25.599493" elapsed="2.295174"/>
</kw>
<doc>Launches the application with the predefined capabilities.</doc>
<status status="PASS" start="2026-04-21T14:59:15.956788" elapsed="11.937958"/>
</kw>
<kw name="Start News App Activity" owner="app_resources">
<kw name="Terminate Application" owner="AppiumLibrary">
<arg>${APP_PACKAGE}</arg>
<doc>Terminates the given app on the device.</doc>
<status status="PASS" start="2026-04-21T14:59:27.909006" elapsed="2.757510"/>
</kw>
<kw name="Create List" owner="BuiltIn">
<msg time="2026-04-21T14:59:30.667265" level="INFO">${extras} = []</msg>
<var>${extras}</var>
<doc>Returns a list containing given items.</doc>
<status status="PASS" start="2026-04-21T14:59:30.666811" elapsed="0.000498"/>
</kw>
<if>
<branch type="IF" condition="'${query}' != 'None'">
<kw name="Create List" owner="BuiltIn">
<msg time="2026-04-21T14:59:30.679128" level="INFO">${extra_query} = ['s', 'query', 'yle']</msg>
<var>${extra_query}</var>
<arg>s</arg>
<arg>query</arg>
<arg>${query}</arg>
<doc>Returns a list containing given items.</doc>
<status status="PASS" start="2026-04-21T14:59:30.678502" elapsed="0.000679"/>
</kw>
<kw name="Append To List" owner="Collections">
<arg>${extras}</arg>
<arg>${extra_query}</arg>
<doc>Adds ``values`` to the end of ``list``.</doc>
<status status="PASS" start="2026-04-21T14:59:30.680130" elapsed="0.000649"/>
</kw>
<status status="PASS" start="2026-04-21T14:59:30.667466" elapsed="0.013390"/>
</branch>
<status status="PASS" start="2026-04-21T14:59:30.667422" elapsed="0.013485"/>
</if>
<if>
<branch type="IF" condition="'${use_mock}' == 'true'">
<kw name="Create List" owner="BuiltIn">
<msg time="2026-04-21T14:59:30.681748" level="INFO">${extra_mock} = ['z', 'use_mock', True]</msg>
<var>${extra_mock}</var>
<arg>z</arg>
<arg>use_mock</arg>
<arg>${True}</arg>
<doc>Returns a list containing given items.</doc>
<status status="PASS" start="2026-04-21T14:59:30.681301" elapsed="0.000486"/>
</kw>
<kw name="Append To List" owner="Collections">
<arg>${extras}</arg>
<arg>${extra_mock}</arg>
<doc>Adds ``values`` to the end of ``list``.</doc>
<status status="PASS" start="2026-04-21T14:59:30.681935" elapsed="0.000259"/>
</kw>
<status status="PASS" start="2026-04-21T14:59:30.681006" elapsed="0.001242"/>
</branch>
<status status="PASS" start="2026-04-21T14:59:30.680977" elapsed="0.001311"/>
</if>
<kw name="Create Dictionary" owner="BuiltIn">
<msg time="2026-04-21T14:59:30.683342" level="INFO">&amp;{opts} = { component=com.example.android.mynewsapp/.MainActivity | action=android.intent.action.MAIN }</msg>
<var>&amp;{opts}</var>
<arg>component=${APP_PACKAGE}/${APP_ACTIVITY}</arg>
<arg>action=${action}</arg>
<doc>Creates and returns a dictionary based on the given ``items``.</doc>
<status status="PASS" start="2026-04-21T14:59:30.682426" elapsed="0.001007"/>
</kw>
<if>
<branch type="IF" condition="len($extras) &gt; 0">
<kw name="Set To Dictionary" owner="Collections">
<arg>${opts}</arg>
<arg>extras=${extras}</arg>
<doc>Adds the given ``key_value_pairs`` and/or ``items`` to the ``dictionary``.</doc>
<status status="PASS" start="2026-04-21T14:59:30.684000" elapsed="0.000326"/>
</kw>
<status status="PASS" start="2026-04-21T14:59:30.683626" elapsed="0.000759"/>
</branch>
<status status="PASS" start="2026-04-21T14:59:30.683581" elapsed="0.000874"/>
</if>
<kw name="Execute Script" owner="AppiumLibrary">
<msg time="2026-04-21T14:59:30.687080" level="INFO">Provided dictionary: {'component': 'com.example.android.mynewsapp/.MainActivity', 'action': 'android.intent.action.MAIN', 'extras': [['s', 'query', 'yle'], ['z', 'use_mock', True]]}</msg>
<arg>mobile: startActivity</arg>
<arg>&amp;{opts}</arg>
<doc>Executes a variety of native, mobile commands that aren't associated
with a specific endpoint. Check out the appium drivers for more details: https://appium.io/docs/en/2.19/ecosystem/drivers/.</doc>
<status status="PASS" start="2026-04-21T14:59:30.684583" elapsed="2.251818"/>
</kw>
<arg>use_mock=true</arg>
<arg>query=yle</arg>
<doc>Starts the news app activity with optional search query and mock data flag using mobile:startActivity.</doc>
<status status="PASS" start="2026-04-21T14:59:27.901912" elapsed="5.034815"/>
</kw>
<kw name="Wait Until Element Is Visible" owner="AppiumLibrary">
<msg time="2026-04-21T14:59:37.246040" level="INFO">criteria is com.example.android.mynewsapp:id/article_title</msg>
<arg>id=${APP_PACKAGE}:id/article_title</arg>
<arg>timeout=${TIMEOUT_LONG}</arg>
<doc>Waits until the element specified by the ``locator`` is visible.</doc>
<status status="PASS" start="2026-04-21T14:59:32.938192" elapsed="4.308034"/>
</kw>
<kw name="Page Should Contain Text" owner="AppiumLibrary">
<msg time="2026-04-21T14:59:39.556493" level="INFO">Current page contains text 'Suomi voitti jääkiekon maailmanmestaruuden'.</msg>
<arg>Suomi voitti jääkiekon maailmanmestaruuden</arg>
<doc>Verifies that the current page contains ``text``.</doc>
<status status="PASS" start="2026-04-21T14:59:37.246748" elapsed="2.310311"/>
</kw>
<kw name="Page Should Contain Text" owner="AppiumLibrary">
<msg time="2026-04-21T14:59:41.791439" level="INFO">Current page contains text 'Yle Urheilu'.</msg>
<arg>Yle Urheilu</arg>
<doc>Verifies that the current page contains ``text``.</doc>
<status status="PASS" start="2026-04-21T14:59:39.557492" elapsed="2.234092"/>
</kw>
<kw name="Close News App" owner="app_resources" type="TEARDOWN">
<kw name="Close Application" owner="AppiumLibrary">
<doc>Closes the current application and the webdriver session.</doc>
<status status="PASS" start="2026-04-21T14:59:41.795169" elapsed="3.248145"/>
</kw>
<doc>Closes the application.</doc>
<status status="PASS" start="2026-04-21T14:59:41.792466" elapsed="3.251035"/>
</kw>
<doc>Regression test to ensure Finnish news source integration persists.</doc>
<tag>finnish_news</tag>
<tag>regression</tag>
<status status="PASS" start="2026-04-21T14:59:15.955542" elapsed="29.088516"/>
</test>
<test id="s1-t4" name="Verify NewsData.io Finnish News Integration" line="49">
<kw name="Open News App" owner="app_resources" type="SETUP">
<kw name="Open Application" owner="AppiumLibrary">
<arg>http://localhost:4723</arg>
<arg>automationName=${ANDROID_AUTOMATION_NAME}</arg>
<arg>platformName=${ANDROID_PLATFORM_NAME}</arg>
<arg>platformVersion=${ANDROID_PLATFORM_VERSION}</arg>
<arg>deviceName=${DEVICE_NAME}</arg>
<arg>appPackage=${APP_PACKAGE}</arg>
<arg>appActivity=${APP_ACTIVITY}</arg>
<arg>appWaitActivity=${APP_PACKAGE}${APP_ACTIVITY}</arg>
<arg>noReset=false</arg>
<arg>fullReset=false</arg>
<arg>newCommandTimeout=300</arg>
<doc>Opens a new application to the given Appium server.
Capabilities of appium server, Android and iOS,
Please check https://appium.io/docs/en/2.19/guides/caps/
| *Option*            | *Man.* | *Description*     |
| remote_url          | Yes    | Appium server url |
| alias               | No     | alias             |</doc>
<status status="PASS" start="2026-04-21T14:59:45.050305" elapsed="10.114814"/>
</kw>
<kw name="Ensure App Is In Foreground" owner="app_resources">
<kw name="Activate Application" owner="AppiumLibrary">
<arg>${APP_PACKAGE}</arg>
<doc>Activates the application if it is not running or is running in the background.</doc>
<status status="PASS" start="2026-04-21T14:59:55.166248" elapsed="2.348300"/>
</kw>
<doc>Brings the application to the foreground.</doc>
<status status="PASS" start="2026-04-21T14:59:55.165681" elapsed="2.349074"/>
</kw>
<doc>Launches the application with the predefined capabilities.</doc>
<status status="PASS" start="2026-04-21T14:59:45.049314" elapsed="12.465569"/>
</kw>
<kw name="Start News App Activity" owner="app_resources">
<kw name="Terminate Application" owner="AppiumLibrary">
<arg>${APP_PACKAGE}</arg>
<doc>Terminates the given app on the device.</doc>
<status status="PASS" start="2026-04-21T14:59:57.516726" elapsed="2.872804"/>
</kw>
<kw name="Create List" owner="BuiltIn">
<msg time="2026-04-21T15:00:00.391669" level="INFO">${extras} = []</msg>
<var>${extras}</var>
<doc>Returns a list containing given items.</doc>
<status status="PASS" start="2026-04-21T15:00:00.390029" elapsed="0.001717"/>
</kw>
<if>
<branch type="IF" condition="'${query}' != 'None'">
<kw name="Create List" owner="BuiltIn">
<msg time="2026-04-21T15:00:00.393769" level="INFO">${extra_query} = ['s', 'query', 'newsdata']</msg>
<var>${extra_query}</var>
<arg>s</arg>
<arg>query</arg>
<arg>${query}</arg>
<doc>Returns a list containing given items.</doc>
<status status="PASS" start="2026-04-21T15:00:00.393085" elapsed="0.000742"/>
</kw>
<kw name="Append To List" owner="Collections">
<arg>${extras}</arg>
<arg>${extra_query}</arg>
<doc>Adds ``values`` to the end of ``list``.</doc>
<status status="PASS" start="2026-04-21T15:00:00.394564" elapsed="0.000820"/>
</kw>
<status status="PASS" start="2026-04-21T15:00:00.392024" elapsed="0.003581"/>
</branch>
<status status="PASS" start="2026-04-21T15:00:00.391955" elapsed="0.003749"/>
</if>
<if>
<branch type="IF" condition="'${use_mock}' == 'true'">
<kw name="Create List" owner="BuiltIn">
<var>${extra_mock}</var>
<arg>z</arg>
<arg>use_mock</arg>
<arg>${True}</arg>
<doc>Returns a list containing given items.</doc>
<status status="NOT RUN" start="2026-04-21T15:00:00.397699" elapsed="0.000074"/>
</kw>
<kw name="Append To List" owner="Collections">
<arg>${extras}</arg>
<arg>${extra_mock}</arg>
<doc>Adds ``values`` to the end of ``list``.</doc>
<status status="NOT RUN" start="2026-04-21T15:00:00.398027" elapsed="0.000036"/>
</kw>
<status status="NOT RUN" start="2026-04-21T15:00:00.395892" elapsed="0.002230"/>
</branch>
<status status="PASS" start="2026-04-21T15:00:00.395835" elapsed="0.003189"/>
</if>
<kw name="Create Dictionary" owner="BuiltIn">
<msg time="2026-04-21T15:00:00.400423" level="INFO">&amp;{opts} = { component=com.example.android.mynewsapp/.MainActivity | action=android.intent.action.MAIN }</msg>
<var>&amp;{opts}</var>
<arg>component=${APP_PACKAGE}/${APP_ACTIVITY}</arg>
<arg>action=${action}</arg>
<doc>Creates and returns a dictionary based on the given ``items``.</doc>
<status status="PASS" start="2026-04-21T15:00:00.399291" elapsed="0.001212"/>
</kw>
<if>
<branch type="IF" condition="len($extras) &gt; 0">
<kw name="Set To Dictionary" owner="Collections">
<arg>${opts}</arg>
<arg>extras=${extras}</arg>
<doc>Adds the given ``key_value_pairs`` and/or ``items`` to the ``dictionary``.</doc>
<status status="PASS" start="2026-04-21T15:00:00.401181" elapsed="0.000382"/>
</kw>
<status status="PASS" start="2026-04-21T15:00:00.400719" elapsed="0.000939"/>
</branch>
<status status="PASS" start="2026-04-21T15:00:00.400658" elapsed="0.001079"/>
</if>
<kw name="Execute Script" owner="AppiumLibrary">
<msg time="2026-04-21T15:00:00.404855" level="INFO">Provided dictionary: {'component': 'com.example.android.mynewsapp/.MainActivity', 'action': 'android.intent.action.MAIN', 'extras': [['s', 'query', 'newsdata']]}</msg>
<arg>mobile: startActivity</arg>
<arg>&amp;{opts}</arg>
<doc>Executes a variety of native, mobile commands that aren't associated
with a specific endpoint. Check out the appium drivers for more details: https://appium.io/docs/en/2.19/ecosystem/drivers/.</doc>
<status status="PASS" start="2026-04-21T15:00:00.402024" elapsed="2.210081"/>
</kw>
<arg>use_mock=false</arg>
<arg>query=newsdata</arg>
<doc>Starts the news app activity with optional search query and mock data flag using mobile:startActivity.</doc>
<status status="PASS" start="2026-04-21T14:59:57.515871" elapsed="5.096489"/>
</kw>
<kw name="Wait Until Element Is Visible" owner="AppiumLibrary">
<msg time="2026-04-21T15:00:11.581875" level="INFO">criteria is com.example.android.mynewsapp:id/article_title
criteria is com.example.android.mynewsapp:id/article_title
criteria is com.example.android.mynewsapp:id/article_title</msg>
<arg>id=${APP_PACKAGE}:id/article_title</arg>
<arg>timeout=${TIMEOUT_LONG}</arg>
<doc>Waits until the element specified by the ``locator`` is visible.</doc>
<status status="PASS" start="2026-04-21T15:00:02.613013" elapsed="8.969023"/>
</kw>
<kw name="Get Text" owner="AppiumLibrary">
<msg time="2026-04-21T15:00:15.843557" level="INFO">Element 'id=com.example.android.mynewsapp:id/article_title' text is 'Amnesty vuosiraportissaan: Suomen irtautuminen Ottawan sopimuksesta vaarantaa siviilien turvallisuuden' </msg>
<msg time="2026-04-21T15:00:15.843658" level="INFO">criteria is com.example.android.mynewsapp:id/article_title</msg>
<msg time="2026-04-21T15:00:15.843789" level="INFO">${title} = Amnesty vuosiraportissaan: Suomen irtautuminen Ottawan sopimuksesta vaarantaa siviilien turvallisuuden</msg>
<var>${title}</var>
<arg>id=${APP_PACKAGE}:id/article_title</arg>
<doc>Returns the text of the element with the ``locator``.</doc>
<status status="PASS" start="2026-04-21T15:00:11.582991" elapsed="4.260848"/>
</kw>
<kw name="Log" owner="BuiltIn">
<msg time="2026-04-21T15:00:15.846117" level="INFO">First article title: Amnesty vuosiraportissaan: Suomen irtautuminen Ottawan sopimuksesta vaarantaa siviilien turvallisuuden</msg>
<arg>First article title: ${title}</arg>
<doc>Logs the given message with the given level.</doc>
<status status="PASS" start="2026-04-21T15:00:15.845076" elapsed="0.001132"/>
</kw>
<kw name="Should Not Be Empty" owner="BuiltIn">
<msg time="2026-04-21T15:00:15.856270" level="INFO">Length is 102.</msg>
<arg>${title}</arg>
<doc>Verifies that the given item is not empty.</doc>
<status status="PASS" start="2026-04-21T15:00:15.847145" elapsed="0.009225"/>
</kw>
<kw name="Wait Until Page Contains Element" owner="AppiumLibrary">
<msg time="2026-04-21T15:00:18.033219" level="INFO">criteria is com.example.android.mynewsapp:id/section</msg>
<arg>id=${APP_PACKAGE}:id/section</arg>
<arg>timeout=${TIMEOUT}</arg>
<doc>Waits until the element specified by the ``locator`` appears on the current page.</doc>
<status status="PASS" start="2026-04-21T15:00:15.856842" elapsed="2.176552"/>
</kw>
<kw name="Close News App" owner="app_resources" type="TEARDOWN">
<kw name="Close Application" owner="AppiumLibrary">
<doc>Closes the current application and the webdriver session.</doc>
<status status="PASS" start="2026-04-21T15:00:18.034958" elapsed="3.266346"/>
</kw>
<doc>Closes the application.</doc>
<status status="PASS" start="2026-04-21T15:00:18.034499" elapsed="3.266986"/>
</kw>
<doc>Integration test for NewsData.io API with Finnish news.</doc>
<tag>external</tag>
<tag>newsdata</tag>
<tag>regression</tag>
<status status="PASS" start="2026-04-21T14:59:45.047123" elapsed="36.254662"/>
</test>
<doc>Regression tests for MyNewsapp.
These tests ensure existing functionality remains intact.</doc>
<status status="PASS" start="2026-04-21T14:57:53.789551" elapsed="147.524054"/>
</suite>
<statistics>
<total>
<stat pass="4" fail="0" skip="0">All Tests</stat>
</total>
<tag>
<stat pass="1" fail="0" skip="0">external</stat>
<stat pass="1" fail="0" skip="0">finnish_news</stat>
<stat pass="1" fail="0" skip="0">newsdata</stat>
<stat pass="4" fail="0" skip="0">regression</stat>
</tag>
<suite>
<stat name="04 Regression" id="s1" pass="4" fail="0" skip="0">04 Regression</stat>
</suite>
</statistics>
<errors>
</errors>
</robot>
